<?xml version="1.0" encoding="UTF-8"?>
<!-- Generated by org.testng.reporters.JUnitReportReporter -->
<testsuite hostname="K51KNRO9GVKA708" name="lx.number2" tests="1" failures="0" timestamp="3 Jan 2019 11:09:59 GMT" time="3.381" errors="0">
  <testcase name="a" time="3.381" classname="lx.number2"/>
</testsuite> <!-- lx.number2 -->
