<?xml version="1.0" encoding="UTF-8"?>
<!-- Generated by org.testng.reporters.JUnitReportReporter -->
<testsuite hostname="K51KNRO9GVKA708" name="lx.dz3" tests="3" failures="0" timestamp="10 Jan 2019 06:15:09 GMT" time="0.958" errors="0">
  <testcase name="b" time="0.536" classname="lx.dz3"/>
  <testcase name="d" time="0.198" classname="lx.dz3"/>
  <testcase name="c" time="0.224" classname="lx.dz3"/>
</testsuite> <!-- lx.dz3 -->
